[dotenv@17.3.1] injecting env (12) from .env -- tip: 🔐 prevent committing .env to code: https://dotenvx.com/precommit
Starting Mercari Random Forest training
Configuration:
- Training rows: full Mercari dataset
- Trees: 100
- Max depth: 14
- Feature version: 2
Streaming full Mercari dataset for Random Forest training...
   Streamed 100,000 valid Mercari products...
   Streamed 200,000 valid Mercari products...
   Streamed 300,000 valid Mercari products...
   Streamed 400,000 valid Mercari products...
   Streamed 500,000 valid Mercari products...
   Streamed 600,000 valid Mercari products...
   Streamed 700,000 valid Mercari products...
   Streamed 800,000 valid Mercari products...
   Streamed 900,000 valid Mercari products...
   Streamed 1,000,000 valid Mercari products...
   Streamed 1,100,000 valid Mercari products...
   Streamed 1,200,000 valid Mercari products...
   Streamed 1,300,000 valid Mercari products...
   Streamed 1,400,000 valid Mercari products...
Training Random Forest with 1,481,661 Mercari samples...
Trees: 100, max depth: 14, feature version: 2
